<?xml version="1.0" encoding="UTF-8"?>
<!-- Generated by org.testng.reporters.JUnitReportReporter -->
<testsuite skipped="0" hostname="DESKTOP-96NNTLC" name="SeleniumGrid.UdemySelenium_SeleniumGrid.SeleniumGrid" tests="1" failures="0" timestamp="2022-11-18T19:43:13 IST" time="72.148" errors="0">
  <testcase name="Grid" time="72.148" classname="SeleniumGrid.UdemySelenium_SeleniumGrid.SeleniumGrid"/>
  <system-out/>
</testsuite> <!-- SeleniumGrid.UdemySelenium_SeleniumGrid.SeleniumGrid -->
